<?xml version="1.0" encoding="utf-8" standalone="no"?>
<test-results xmlns:xsi="http://www.w3.org/2001/XMLSchema-instance" xsi:noNamespaceSchemaLocation="nunit_schema_2.5.xsd" name="Pester" total="2" errors="0" failures="1" not-run="0" inconclusive="0" ignored="0" skipped="0" invalid="0" date="2024-07-19" time="12:40:05">
  <environment machine-name="Arnes-MBP.home" cwd="/Users/arnehalvorsen/dev/repos/PsLocations" user="arnehalvorsen" nunit-version="2.5.8.0" user-domain="" platform="Darwin" clr-version="8.0.4" os-version="23.5.0" />
  <culture-info current-culture="en-NO" current-uiculture="en-NO" />
  <test-suite type="TestFixture" name="Pester" executed="True" result="Failure" success="False" time="0.9332" asserts="0" description="Pester">
    <results>
      <test-suite type="TestFixture" name="/Users/arnehalvorsen/dev/repos/PsLocations/PsLocations/tests/PsLocations.tests.ps1" executed="True" result="Failure" success="False" time="0.9332" asserts="0" description="/Users/arnehalvorsen/dev/repos/PsLocations/PsLocations/tests/PsLocations.tests.ps1">
        <results>
          <test-suite type="TestFixture" name="PsLocations tests" executed="True" result="Failure" success="False" time="0.5023" asserts="0" description="PsLocations tests">
            <results>
              <test-case description="loc status should create the testLocDir" name="PsLocations tests.loc status should create the testLocDir" time="0.1816" asserts="0" success="True" result="Success" executed="True" />
              <test-case description="loc should be able to create a new location, make notes and navigate and remove it" name="PsLocations tests.loc should be able to create a new location, make notes and navigate and remove it" time="0.2537" asserts="0" success="False" result="Failure" executed="True">
                <failure>
                  <message>Expected path '/Users/arnehalvorsen/dev/repos/PsLocations/PsLocations/tests/TestLocations/Test/Arnes-MBP.home' to exist, but it did not exist.</message>
                  <stack-trace>at $bookmarkPathDir | Should -Exist, /Users/arnehalvorsen/dev/repos/PsLocations/PsLocations/tests/UtilityAndAssertFunctions.ps1:31
at Test-LocationShouldExistAsExpected, /Users/arnehalvorsen/dev/repos/PsLocations/PsLocations/tests/UtilityAndAssertFunctions.ps1:31
at &lt;ScriptBlock&gt;, /Users/arnehalvorsen/dev/repos/PsLocations/PsLocations/tests/PsLocations.tests.ps1:54</stack-trace>
                </failure>
              </test-case>
            </results>
          </test-suite>
        </results>
      </test-suite>
    </results>
  </test-suite>
</test-results>