<?xml version="1.0" encoding="utf-8" standalone="no"?>
<test-results xmlns:xsi="http://www.w3.org/2001/XMLSchema-instance" xsi:noNamespaceSchemaLocation="nunit_schema_2.5.xsd" name="Pester" total="2" errors="0" failures="0" not-run="0" inconclusive="0" ignored="0" skipped="0" invalid="0" date="2024-07-18" time="14:09:41">
  <environment user-domain="" nunit-version="2.5.8.0" clr-version="8.0.4" cwd="/Users/arnehalvorsen/dev/repos/PsLocations" os-version="23.5.0" platform="Darwin" machine-name="Arnes-MBP.home" user="arnehalvorsen" />
  <culture-info current-culture="en-NO" current-uiculture="en-NO" />
  <test-suite type="TestFixture" name="Pester" executed="True" result="Success" success="True" time="0.7913" asserts="0" description="Pester">
    <results>
      <test-suite type="TestFixture" name="/Users/arnehalvorsen/dev/repos/PsLocations/PsLocations/tests/PsLocations.tests.ps1" executed="True" result="Success" success="True" time="0.7913" asserts="0" description="/Users/arnehalvorsen/dev/repos/PsLocations/PsLocations/tests/PsLocations.tests.ps1">
        <results>
          <test-suite type="TestFixture" name="PsLocations tests" executed="True" result="Success" success="True" time="0.3824" asserts="0" description="PsLocations tests">
            <results>
              <test-case description="loc status should create the testLocDir" name="PsLocations tests.loc status should create the testLocDir" time="0.1753" asserts="0" success="True" result="Success" executed="True" />
              <test-case description="loc add should create a new location, make notes and navigate and remove it" name="PsLocations tests.loc add should create a new location, make notes and navigate and remove it" time="0.139" asserts="0" success="True" result="Success" executed="True" />
            </results>
          </test-suite>
        </results>
      </test-suite>
    </results>
  </test-suite>
</test-results>