<?xml version="1.0" encoding="utf-8" standalone="no"?>
<test-results xmlns:xsi="http://www.w3.org/2001/XMLSchema-instance" xsi:noNamespaceSchemaLocation="nunit_schema_2.5.xsd" name="Pester" total="2" errors="0" failures="0" not-run="0" inconclusive="0" ignored="0" skipped="0" invalid="0" date="2024-07-18" time="14:03:15">
  <environment machine-name="Arnes-MBP.home" clr-version="8.0.4" user="arnehalvorsen" user-domain="" platform="Darwin" nunit-version="2.5.8.0" os-version="23.5.0" cwd="/Users/arnehalvorsen/dev/repos/PsLocations" />
  <culture-info current-culture="en-NO" current-uiculture="en-NO" />
  <test-suite type="TestFixture" name="Pester" executed="True" result="Success" success="True" time="0.8131" asserts="0" description="Pester">
    <results>
      <test-suite type="TestFixture" name="/Users/arnehalvorsen/dev/repos/PsLocations/PsLocations/tests/PsLocations.tests.ps1" executed="True" result="Success" success="True" time="0.8131" asserts="0" description="/Users/arnehalvorsen/dev/repos/PsLocations/PsLocations/tests/PsLocations.tests.ps1">
        <results>
          <test-suite type="TestFixture" name="PsLocations tests" executed="True" result="Success" success="True" time="0.4008" asserts="0" description="PsLocations tests">
            <results>
              <test-case description="loc status should create the testLocDir" name="PsLocations tests.loc status should create the testLocDir" time="0.1725" asserts="0" success="True" result="Success" executed="True" />
              <test-case description="loc add should create a new location" name="PsLocations tests.loc add should create a new location" time="0.1304" asserts="0" success="True" result="Success" executed="True" />
            </results>
          </test-suite>
        </results>
      </test-suite>
    </results>
  </test-suite>
</test-results>